Deleon                                 Compton        NM02117DM9629.59             Address is required
Gregory       4825 Prospect Street New Martinez         45956DM6258.80               State is required
Vaughn        7467 Fawn Lane West MemphStreator       PR72482FF8275.86                     Wrong Party
Burnett       8089 Holly DriveHighland Norwich        MP     DF5983.09                Wrong Zip length
Leonard       8875 Pheasant Run New HavWahiawa        WY66029D 2210.68                    Wrong Gender
Deleon        2970 Windsor Drive RedlanEast Hartford  ME385235F6138.12                     Wrong Party
Crawford      5276 Marshall Street El CStuttgart        29411DM2664.94               State is required
Tucker                                 El Centro      NC37766DF3748.97             Address is required
Lewis         5858 Jackson Street MalibDavis          MO68507DQ9586.89                    Wrong Gender
Nichols       7843 Front Street HammondPalmdale       WV95531DG7585.98                    Wrong Gender
Combs         3642 Jefferson Street SanMilford          92228IF4420.55               State is required
Goodman       6905 Euclid Avenue Canon Cocoa Beach      76640IM5194.05               State is required
Padilla       1013 Walnut Street WalnutDe Land        NE96159UF2835.77                     Wrong Party
Garza         7131 Street Road SimsburyFort Collins     82134IF144.86                State is required
Anthony       0446 Forest Drive HaywardSanford        DE52893TF9976.76                     Wrong Party
Swanson       4857 Fieldstone Drive PalUkiah          IA61977I 6131.72                    Wrong Gender
West          6449 Fawn Court SteamboatDecatur        VI90848IT000.00                     Wrong Gender
Cortez        7604 Church Street AnchorTuskegee       RI39483TM3771.63                     Wrong Party
Osborne       1074 Church Street North Waukegan         86066R5885.77                State is required
Osborne       1074 Church Street North Waukegan         86066R5885.77                     Wrong Gender
Solis         1715 Cambridge Road NewpoKankakee       MP504554F4448.17                     Wrong Party
Hicks         0710 Country Lane OpelikaEnterprise       71686RF0679.10               State is required
Campbell      0356 Railroad Avenue BessLa Salle       VA82508R 105.80                     Wrong Gender
Manning       0010 Henry Street RantoulLincoln        ND70484QM7569.61                     Wrong Party
Gallagher     6257 Jackson Avenue IrvinLaguna Beach   TX43587RU2561.29                    Wrong Gender
Sharp         2058 Wood Street Boca RatFairbanks        19803RM215.01                State is required
Ferguson      0724 Creekside DriveOliveBlackfoot        27284RF2696.72               State is required
